<?xml version="1.0" encoding="UTF-8"?>
<coverage generated="1611363421860" clover="3.2.0">
  <project timestamp="1611363421860" name="All files">
    <metrics statements="33" coveredstatements="23" conditionals="29" coveredconditionals="20" methods="8" coveredmethods="4" elements="70" coveredelements="47" complexity="0" loc="33" ncloc="33" packages="1" files="2" classes="2"/>
    <file name="constants.jsx" path="C:\Code\Npm Packages\react-popup-alert\src\constants.jsx">
      <metrics statements="5" coveredstatements="5" conditionals="0" coveredconditionals="0" methods="0" coveredmethods="0"/>
      <line num="2" count="1" type="stmt"/>
      <line num="3" count="1" type="stmt"/>
      <line num="6" count="1" type="stmt"/>
      <line num="7" count="1" type="stmt"/>
      <line num="8" count="1" type="stmt"/>
    </file>
    <file name="index.tsx" path="C:\Code\Npm Packages\react-popup-alert\src\index.tsx">
      <metrics statements="28" coveredstatements="18" conditionals="29" coveredconditionals="20" methods="8" coveredmethods="4"/>
      <line num="27" count="1" type="stmt"/>
      <line num="47" count="7" type="stmt"/>
      <line num="48" count="0" type="cond" truecount="0" falsecount="2"/>
      <line num="49" count="0" type="stmt"/>
      <line num="50" count="0" type="cond" truecount="0" falsecount="2"/>
      <line num="51" count="0" type="stmt"/>
      <line num="56" count="7" type="stmt"/>
      <line num="58" count="7" type="cond" truecount="3" falsecount="1"/>
      <line num="59" count="7" type="stmt"/>
      <line num="62" count="7" type="stmt"/>
      <line num="63" count="0" type="stmt"/>
      <line num="69" count="7" type="stmt"/>
      <line num="70" count="0" type="stmt"/>
      <line num="71" count="0" type="stmt"/>
      <line num="76" count="7" type="stmt"/>
      <line num="77" count="7" type="cond" truecount="2" falsecount="0"/>
      <line num="78" count="1" type="stmt"/>
      <line num="79" count="6" type="cond" truecount="2" falsecount="0"/>
      <line num="80" count="5" type="cond" truecount="2" falsecount="0"/>
      <line num="81" count="1" type="cond" truecount="1" falsecount="1"/>
      <line num="82" count="0" type="stmt"/>
      <line num="84" count="7" type="stmt"/>
      <line num="86" count="7" type="stmt"/>
      <line num="87" count="7" type="cond" truecount="1" falsecount="1"/>
      <line num="88" count="7" type="stmt"/>
      <line num="90" count="0" type="stmt"/>
      <line num="94" count="7" type="stmt"/>
      <line num="107" count="0" type="stmt"/>
    </file>
  </project>
</coverage>
