{"C:\\Code\\Npm Packages\\react-popup-alert\\src\\constants.jsx": {"path":"C:\\Code\\Npm Packages\\react-popup-alert\\src\\constants.jsx","statementMap":{"0":{"start":{"line":2,"column":29},"end":{"line":2,"column":38}},"1":{"start":{"line":3,"column":30},"end":{"line":3,"column":37}},"2":{"start":{"line":6,"column":26},"end":{"line":6,"column":44}},"3":{"start":{"line":7,"column":28},"end":{"line":7,"column":46}},"4":{"start":{"line":8,"column":28},"end":{"line":8,"column":46}}},"fnMap":{},"branchMap":{},"s":{"0":1,"1":1,"2":1,"3":1,"4":1},"f":{},"b":{},"_coverageSchema":"43e27e138ebf9cfc5966b082cf9a028302ed4184","hash":"83d9dfca3c47c3ad2769ea73576130fd9376f4b9"}
,"C:\\Code\\Npm Packages\\react-popup-alert\\src\\index.tsx": {"path":"C:\\Code\\Npm Packages\\react-popup-alert\\src\\index.tsx","statementMap":{"0":{"start":{"line":27,"column":19},"end":{"line":120,"column":1}},"1":{"start":{"line":47,"column":34},"end":{"line":54,"column":3}},"2":{"start":{"line":48,"column":4},"end":{"line":53,"column":5}},"3":{"start":{"line":49,"column":21},"end":{"line":49,"column":50}},"4":{"start":{"line":50,"column":6},"end":{"line":52,"column":7}},"5":{"start":{"line":51,"column":8},"end":{"line":51,"column":27}},"6":{"start":{"line":56,"column":2},"end":{"line":65,"column":12}},"7":{"start":{"line":58,"column":4},"end":{"line":60,"column":5}},"8":{"start":{"line":59,"column":6},"end":{"line":59,"column":69}},"9":{"start":{"line":62,"column":4},"end":{"line":64,"column":5}},"10":{"start":{"line":63,"column":6},"end":{"line":63,"column":72}},"11":{"start":{"line":69,"column":28},"end":{"line":72,"column":3}},"12":{"start":{"line":70,"column":4},"end":{"line":70,"column":70}},"13":{"start":{"line":71,"column":4},"end":{"line":71,"column":18}},"14":{"start":{"line":76,"column":19},"end":{"line":83,"column":3}},"15":{"start":{"line":77,"column":4},"end":{"line":82,"column":22}},"16":{"start":{"line":78,"column":6},"end":{"line":78,"column":18}},"17":{"start":{"line":79,"column":11},"end":{"line":82,"column":22}},"18":{"start":{"line":79,"column":33},"end":{"line":79,"column":50}},"19":{"start":{"line":80,"column":9},"end":{"line":82,"column":22}},"20":{"start":{"line":80,"column":33},"end":{"line":80,"column":52}},"21":{"start":{"line":81,"column":9},"end":{"line":82,"column":22}},"22":{"start":{"line":81,"column":33},"end":{"line":81,"column":52}},"23":{"start":{"line":82,"column":9},"end":{"line":82,"column":22}},"24":{"start":{"line":84,"column":21},"end":{"line":84,"column":31}},"25":{"start":{"line":86,"column":24},"end":{"line":92,"column":3}},"26":{"start":{"line":87,"column":4},"end":{"line":91,"column":5}},"27":{"start":{"line":88,"column":6},"end":{"line":88,"column":76}},"28":{"start":{"line":90,"column":6},"end":{"line":90,"column":24}},"29":{"start":{"line":94,"column":2},"end":{"line":119,"column":3}},"30":{"start":{"line":107,"column":29},"end":{"line":107,"column":48}}},"fnMap":{"0":{"name":"(anonymous_0)","decl":{"start":{"line":27,"column":19},"end":{"line":27,"column":20}},"loc":{"start":{"line":45,"column":18},"end":{"line":120,"column":1}},"line":45},"1":{"name":"(anonymous_1)","decl":{"start":{"line":47,"column":34},"end":{"line":47,"column":35}},"loc":{"start":{"line":47,"column":54},"end":{"line":54,"column":3}},"line":47},"2":{"name":"(anonymous_2)","decl":{"start":{"line":56,"column":12},"end":{"line":56,"column":13}},"loc":{"start":{"line":56,"column":18},"end":{"line":65,"column":3}},"line":56},"3":{"name":"(anonymous_3)","decl":{"start":{"line":62,"column":11},"end":{"line":62,"column":12}},"loc":{"start":{"line":62,"column":17},"end":{"line":64,"column":5}},"line":62},"4":{"name":"(anonymous_4)","decl":{"start":{"line":69,"column":28},"end":{"line":69,"column":29}},"loc":{"start":{"line":69,"column":34},"end":{"line":72,"column":3}},"line":69},"5":{"name":"(anonymous_5)","decl":{"start":{"line":76,"column":19},"end":{"line":76,"column":20}},"loc":{"start":{"line":76,"column":25},"end":{"line":83,"column":3}},"line":76},"6":{"name":"(anonymous_6)","decl":{"start":{"line":86,"column":24},"end":{"line":86,"column":25}},"loc":{"start":{"line":86,"column":30},"end":{"line":92,"column":3}},"line":86},"7":{"name":"(anonymous_7)","decl":{"start":{"line":107,"column":23},"end":{"line":107,"column":24}},"loc":{"start":{"line":107,"column":29},"end":{"line":107,"column":48}},"line":107}},"branchMap":{"0":{"loc":{"start":{"line":29,"column":2},"end":{"line":29,"column":24}},"type":"default-arg","locations":[{"start":{"line":29,"column":11},"end":{"line":29,"column":24}}],"line":29},"1":{"loc":{"start":{"line":30,"column":2},"end":{"line":30,"column":26}},"type":"default-arg","locations":[{"start":{"line":30,"column":12},"end":{"line":30,"column":26}}],"line":30},"2":{"loc":{"start":{"line":33,"column":2},"end":{"line":33,"column":14}},"type":"default-arg","locations":[{"start":{"line":33,"column":9},"end":{"line":33,"column":14}}],"line":33},"3":{"loc":{"start":{"line":34,"column":2},"end":{"line":34,"column":25}},"type":"default-arg","locations":[{"start":{"line":34,"column":21},"end":{"line":34,"column":25}}],"line":34},"4":{"loc":{"start":{"line":39,"column":2},"end":{"line":39,"column":33}},"type":"default-arg","locations":[{"start":{"line":39,"column":29},"end":{"line":39,"column":33}}],"line":39},"5":{"loc":{"start":{"line":41,"column":2},"end":{"line":41,"column":18}},"type":"default-arg","locations":[{"start":{"line":41,"column":16},"end":{"line":41,"column":18}}],"line":41},"6":{"loc":{"start":{"line":42,"column":2},"end":{"line":42,"column":19}},"type":"default-arg","locations":[{"start":{"line":42,"column":17},"end":{"line":42,"column":19}}],"line":42},"7":{"loc":{"start":{"line":43,"column":2},"end":{"line":43,"column":17}},"type":"default-arg","locations":[{"start":{"line":43,"column":15},"end":{"line":43,"column":17}}],"line":43},"8":{"loc":{"start":{"line":44,"column":2},"end":{"line":44,"column":19}},"type":"default-arg","locations":[{"start":{"line":44,"column":17},"end":{"line":44,"column":19}}],"line":44},"9":{"loc":{"start":{"line":48,"column":4},"end":{"line":53,"column":5}},"type":"if","locations":[{"start":{"line":48,"column":4},"end":{"line":53,"column":5}},{"start":{"line":48,"column":4},"end":{"line":53,"column":5}}],"line":48},"10":{"loc":{"start":{"line":50,"column":6},"end":{"line":52,"column":7}},"type":"if","locations":[{"start":{"line":50,"column":6},"end":{"line":52,"column":7}},{"start":{"line":50,"column":6},"end":{"line":52,"column":7}}],"line":50},"11":{"loc":{"start":{"line":58,"column":4},"end":{"line":60,"column":5}},"type":"if","locations":[{"start":{"line":58,"column":4},"end":{"line":60,"column":5}},{"start":{"line":58,"column":4},"end":{"line":60,"column":5}}],"line":58},"12":{"loc":{"start":{"line":58,"column":8},"end":{"line":58,"column":40}},"type":"binary-expr","locations":[{"start":{"line":58,"column":8},"end":{"line":58,"column":32}},{"start":{"line":58,"column":36},"end":{"line":58,"column":40}}],"line":58},"13":{"loc":{"start":{"line":77,"column":4},"end":{"line":82,"column":22}},"type":"if","locations":[{"start":{"line":77,"column":4},"end":{"line":82,"column":22}},{"start":{"line":77,"column":4},"end":{"line":82,"column":22}}],"line":77},"14":{"loc":{"start":{"line":79,"column":11},"end":{"line":82,"column":22}},"type":"if","locations":[{"start":{"line":79,"column":11},"end":{"line":82,"column":22}},{"start":{"line":79,"column":11},"end":{"line":82,"column":22}}],"line":79},"15":{"loc":{"start":{"line":80,"column":9},"end":{"line":82,"column":22}},"type":"if","locations":[{"start":{"line":80,"column":9},"end":{"line":82,"column":22}},{"start":{"line":80,"column":9},"end":{"line":82,"column":22}}],"line":80},"16":{"loc":{"start":{"line":81,"column":9},"end":{"line":82,"column":22}},"type":"if","locations":[{"start":{"line":81,"column":9},"end":{"line":82,"column":22}},{"start":{"line":81,"column":9},"end":{"line":82,"column":22}}],"line":81},"17":{"loc":{"start":{"line":87,"column":4},"end":{"line":91,"column":5}},"type":"if","locations":[{"start":{"line":87,"column":4},"end":{"line":91,"column":5}},{"start":{"line":87,"column":4},"end":{"line":91,"column":5}}],"line":87},"18":{"loc":{"start":{"line":96,"column":7},"end":{"line":117,"column":14}},"type":"cond-expr","locations":[{"start":{"line":97,"column":8},"end":{"line":116,"column":14}},{"start":{"line":117,"column":10},"end":{"line":117,"column":14}}],"line":96}},"s":{"0":1,"1":7,"2":0,"3":0,"4":0,"5":0,"6":7,"7":7,"8":7,"9":7,"10":0,"11":7,"12":0,"13":0,"14":7,"15":7,"16":1,"17":6,"18":1,"19":5,"20":4,"21":1,"22":1,"23":0,"24":7,"25":7,"26":7,"27":7,"28":0,"29":7,"30":0},"f":{"0":7,"1":0,"2":7,"3":0,"4":0,"5":7,"6":7,"7":0},"b":{"0":[1],"1":[1],"2":[0],"3":[7],"4":[6],"5":[7],"6":[7],"7":[7],"8":[7],"9":[0,0],"10":[0,0],"11":[7,0],"12":[7,7],"13":[1,6],"14":[1,5],"15":[4,1],"16":[1,0],"17":[7,0],"18":[7,0]},"_coverageSchema":"43e27e138ebf9cfc5966b082cf9a028302ed4184","hash":"73d894e939604e61a1d683f5929cc039f34d63dd"}
}
