{"total": {"lines":{"total":34,"covered":34,"skipped":0,"pct":100},"statements":{"total":37,"covered":37,"skipped":0,"pct":100},"functions":{"total":8,"covered":8,"skipped":0,"pct":100},"branches":{"total":27,"covered":26,"skipped":0,"pct":96.3}}
,"C:\\Code\\Npm Packages\\react-popup-alert\\src\\constants.jsx": {"lines":{"total":6,"covered":6,"skipped":0,"pct":100},"functions":{"total":0,"covered":0,"skipped":0,"pct":100},"statements":{"total":6,"covered":6,"skipped":0,"pct":100},"branches":{"total":0,"covered":0,"skipped":0,"pct":100}}
,"C:\\Code\\Npm Packages\\react-popup-alert\\src\\index.tsx": {"lines":{"total":28,"covered":28,"skipped":0,"pct":100},"functions":{"total":8,"covered":8,"skipped":0,"pct":100},"statements":{"total":31,"covered":31,"skipped":0,"pct":100},"branches":{"total":27,"covered":26,"skipped":0,"pct":96.3}}
}
