TN:
SF:C:\Code\Npm Packages\react-popup-alert\src\constants.jsx
FNF:0
FNH:0
DA:2,1
DA:3,1
DA:6,1
DA:7,1
DA:8,1
LF:5
LH:5
BRF:0
BRH:0
end_of_record
TN:
SF:C:\Code\Npm Packages\react-popup-alert\src\index.tsx
FN:27,(anonymous_0)
FN:47,(anonymous_1)
FN:56,(anonymous_2)
FN:62,(anonymous_3)
FN:69,(anonymous_4)
FN:76,(anonymous_5)
FN:86,(anonymous_6)
FN:107,(anonymous_7)
FNF:8
FNH:4
FNDA:7,(anonymous_0)
FNDA:0,(anonymous_1)
FNDA:7,(anonymous_2)
FNDA:0,(anonymous_3)
FNDA:0,(anonymous_4)
FNDA:7,(anonymous_5)
FNDA:7,(anonymous_6)
FNDA:0,(anonymous_7)
DA:27,1
DA:47,7
DA:48,0
DA:49,0
DA:50,0
DA:51,0
DA:56,7
DA:58,7
DA:59,7
DA:62,7
DA:63,0
DA:69,7
DA:70,0
DA:71,0
DA:76,7
DA:77,7
DA:78,1
DA:79,6
DA:80,5
DA:81,1
DA:82,0
DA:84,7
DA:86,7
DA:87,7
DA:88,7
DA:90,0
DA:94,7
DA:107,0
LF:28
LH:18
BRDA:29,0,0,1
BRDA:30,1,0,1
BRDA:33,2,0,0
BRDA:34,3,0,7
BRDA:39,4,0,6
BRDA:41,5,0,7
BRDA:42,6,0,7
BRDA:43,7,0,7
BRDA:44,8,0,7
BRDA:48,9,0,0
BRDA:48,9,1,0
BRDA:50,10,0,0
BRDA:50,10,1,0
BRDA:58,11,0,7
BRDA:58,11,1,0
BRDA:58,12,0,7
BRDA:58,12,1,7
BRDA:77,13,0,1
BRDA:77,13,1,6
BRDA:79,14,0,1
BRDA:79,14,1,5
BRDA:80,15,0,4
BRDA:80,15,1,1
BRDA:81,16,0,1
BRDA:81,16,1,0
BRDA:87,17,0,7
BRDA:87,17,1,0
BRDA:96,18,0,7
BRDA:96,18,1,0
BRF:29
BRH:20
end_of_record
