TN:
SF:C:\Code\Npm Packages\react-popup-alert\src\constants.jsx
FNF:0
FNH:0
DA:2,1
DA:3,1
DA:6,1
DA:7,1
DA:8,1
DA:9,1
LF:6
LH:6
BRF:0
BRH:0
end_of_record
TN:
SF:C:\Code\Npm Packages\react-popup-alert\src\index.tsx
FN:28,(anonymous_0)
FN:49,(anonymous_1)
FN:55,(anonymous_2)
FN:62,(anonymous_3)
FN:71,(anonymous_4)
FN:78,(anonymous_5)
FN:88,(anonymous_6)
FN:109,(anonymous_7)
FNF:8
FNH:8
FNDA:12,(anonymous_0)
FNDA:12,(anonymous_1)
FNDA:2,(anonymous_2)
FNDA:16,(anonymous_3)
FNDA:9,(anonymous_4)
FNDA:12,(anonymous_5)
FNDA:10,(anonymous_6)
FNDA:1,(anonymous_7)
DA:28,1
DA:49,12
DA:51,12
DA:52,10
DA:55,12
DA:56,2
DA:62,12
DA:63,16
DA:64,16
DA:65,16
DA:66,8
DA:71,12
DA:72,9
DA:73,9
DA:78,12
DA:79,12
DA:80,1
DA:81,11
DA:82,10
DA:83,3
DA:84,2
DA:86,12
DA:88,12
DA:89,10
DA:90,1
DA:92,9
DA:96,12
DA:109,1
LF:28
LH:28
BRDA:30,0,0,1
BRDA:31,1,0,2
BRDA:40,2,0,10
BRDA:42,3,0,12
BRDA:43,4,0,12
BRDA:44,5,0,12
BRDA:45,6,0,12
BRDA:51,7,0,10
BRDA:51,7,1,2
BRDA:51,8,0,12
BRDA:51,8,1,12
BRDA:63,9,0,16
BRDA:63,9,1,0
BRDA:65,10,0,8
BRDA:65,10,1,8
BRDA:79,11,0,1
BRDA:79,11,1,11
BRDA:81,12,0,1
BRDA:81,12,1,10
BRDA:82,13,0,7
BRDA:82,13,1,3
BRDA:83,14,0,1
BRDA:83,14,1,2
BRDA:89,15,0,1
BRDA:89,15,1,9
BRDA:98,16,0,10
BRDA:98,16,1,2
BRF:27
BRH:26
end_of_record
